{"uuid":"f485d08d-fbf0-4d15-87f4-1934bbaf9387","historyId":"9a32a4a275b73a9b97ff04424dab7d73","testCaseId":"9a5692863f9c815963295934a3493c3f","fullName":"src/test/resources/features/AmazonProductPurchaseFlow.feature:6","labels":[{"name":"host","value":"Apurba-ASUS"},{"name":"thread","value":"11124@Apurba-ASUS.main(3)"},{"name":"feature","value":"AmazonProductPurchaseFlow"},{"name":"story","value":"User buys a product from search to payment"},{"name":"suite","value":"AmazonProductPurchaseFlow"},{"name":"testClass","value":"User buys a product from search to payment"},{"name":"framework","value":"cucumber4jvm"},{"name":"language","value":"java"},{"name":"gherkin_uri","value":"file:///C:/Users/apurb/IdeaProjects/P4_Amazon/src/test/resources/features/AmazonProductPurchaseFlow.feature"},{"name":"package","value":"src.test.resources.features.AmazonProductPurchaseFlow_feature.AmazonProductPurchaseFlow"}],"links":[],"name":"User buys a product from search to payment","status":"broken","statusDetails":{"known":false,"muted":false,"flaky":false,"message":"element click intercepted: Element <span id=\"cvf-submit-otp-button-announce\" class=\"a-button-text\" aria-hidden=\"true\">...</span> is not clickable at point (768, 333). Other element would receive the click: <input class=\"a-button-input\" type=\"submit\" aria-labelledby=\"cvf-submit-otp-button-announce\">\n  (Session info: chrome=139.0.7258.155)\nBuild info: version: '4.34.0', revision: '707dcb4246*'\nSystem info: os.name: 'Windows 11', os.arch: 'amd64', os.version: '10.0', java.version: '24.0.2'\nDriver info: org.openqa.selenium.chrome.ChromeDriver\nCommand: [420ef0bc264cc56659830be364d58c60, clickElement {id=f.CFA6C56BFE56C265D971201E5D7822A6.d.EFBDA12A65569674D0C25CAD54364A24.e.151}]\nCapabilities {acceptInsecureCerts: false, browserName: chrome, browserVersion: 139.0.7258.155, chrome: {chromedriverVersion: 139.0.7258.154 (9e0d6b2b47f..., userDataDir: C:\\Users\\apurb\\AppData\\Loca...}, fedcm:accounts: true, goog:chromeOptions: {debuggerAddress: localhost:51310}, networkConnectionEnabled: false, pageLoadStrategy: normal, platformName: windows, proxy: Proxy(), se:cdp: ws://localhost:51310/devtoo..., se:cdpVersion: 139.0.7258.155, setWindowRect: true, strictFileInteractability: false, timeouts: {implicit: 0, pageLoad: 300000, script: 30000}, unhandledPromptBehavior: dismiss and notify, webauthn:extension:credBlob: true, webauthn:extension:largeBlob: true, webauthn:extension:minPinLength: true, webauthn:extension:prf: true, webauthn:virtualAuthenticators: true}\nElement: [[ChromeDriver: chrome on windows (420ef0bc264cc56659830be364d58c60)] -> xpath: //*[contains(text(), \"Submit code\")]]\nSession ID: 420ef0bc264cc56659830be364d58c60","trace":"org.openqa.selenium.ElementClickInterceptedException: element click intercepted: Element <span id=\"cvf-submit-otp-button-announce\" class=\"a-button-text\" aria-hidden=\"true\">...</span> is not clickable at point (768, 333). Other element would receive the click: <input class=\"a-button-input\" type=\"submit\" aria-labelledby=\"cvf-submit-otp-button-announce\">\n  (Session info: chrome=139.0.7258.155)\nBuild info: version: '4.34.0', revision: '707dcb4246*'\nSystem info: os.name: 'Windows 11', os.arch: 'amd64', os.version: '10.0', java.version: '24.0.2'\nDriver info: org.openqa.selenium.chrome.ChromeDriver\nCommand: [420ef0bc264cc56659830be364d58c60, clickElement {id=f.CFA6C56BFE56C265D971201E5D7822A6.d.EFBDA12A65569674D0C25CAD54364A24.e.151}]\nCapabilities {acceptInsecureCerts: false, browserName: chrome, browserVersion: 139.0.7258.155, chrome: {chromedriverVersion: 139.0.7258.154 (9e0d6b2b47f..., userDataDir: C:\\Users\\apurb\\AppData\\Loca...}, fedcm:accounts: true, goog:chromeOptions: {debuggerAddress: localhost:51310}, networkConnectionEnabled: false, pageLoadStrategy: normal, platformName: windows, proxy: Proxy(), se:cdp: ws://localhost:51310/devtoo..., se:cdpVersion: 139.0.7258.155, setWindowRect: true, strictFileInteractability: false, timeouts: {implicit: 0, pageLoad: 300000, script: 30000}, unhandledPromptBehavior: dismiss and notify, webauthn:extension:credBlob: true, webauthn:extension:largeBlob: true, webauthn:extension:minPinLength: true, webauthn:extension:prf: true, webauthn:virtualAuthenticators: true}\nElement: [[ChromeDriver: chrome on windows (420ef0bc264cc56659830be364d58c60)] -> xpath: //*[contains(text(), \"Submit code\")]]\nSession ID: 420ef0bc264cc56659830be364d58c60\r\n\tat java.base/jdk.internal.reflect.DirectConstructorHandleAccessor.newInstance(DirectConstructorHandleAccessor.java:62)\r\n\tat java.base/java.lang.reflect.Constructor.newInstanceWithCaller(Constructor.java:499)\r\n\tat java.base/java.lang.reflect.Constructor.newInstance(Constructor.java:483)\r\n\tat org.openqa.selenium.remote.ErrorCodec.decode(ErrorCodec.java:167)\r\n\tat org.openqa.selenium.remote.codec.w3c.W3CHttpResponseCodec.decode(W3CHttpResponseCodec.java:138)\r\n\tat org.openqa.selenium.remote.codec.w3c.W3CHttpResponseCodec.decode(W3CHttpResponseCodec.java:50)\r\n\tat org.openqa.selenium.remote.HttpCommandExecutor.execute(HttpCommandExecutor.java:215)\r\n\tat org.openqa.selenium.remote.service.DriverCommandExecutor.invokeExecute(DriverCommandExecutor.java:216)\r\n\tat org.openqa.selenium.remote.service.DriverCommandExecutor.execute(DriverCommandExecutor.java:174)\r\n\tat org.openqa.selenium.remote.RemoteWebDriver.execute(RemoteWebDriver.java:544)\r\n\tat org.openqa.selenium.remote.RemoteWebElement.execute(RemoteWebElement.java:223)\r\n\tat org.openqa.selenium.remote.RemoteWebElement.click(RemoteWebElement.java:76)\r\n\tat utilities.BrowserUtils.clickWithDelay(BrowserUtils.java:24)\r\n\tat pageObjects.LoginPage.verifyOTP(LoginPage.java:61)\r\n\tat stepDefinitions.ProductBuySteps.user_is_logged_in(ProductBuySteps.java:32)\r\n\tat ✽.user is logged in with email \"test.email\" and password \"test.password\"(file:///C:/Users/apurb/IdeaProjects/P4_Amazon/src/test/resources/features/AmazonProductPurchaseFlow.feature:7)\r\n"},"stage":"finished","description":"  As a registered user\n  I want to search, filter, select, and purchase a product\n  So that I can successfully place an order","steps":[{"name":"Given user is logged in with email \"test.email\" and password \"test.password\"","status":"broken","statusDetails":{"known":false,"muted":false,"flaky":false,"message":"element click intercepted: Element <span id=\"cvf-submit-otp-button-announce\" class=\"a-button-text\" aria-hidden=\"true\">...</span> is not clickable at point (768, 333). Other element would receive the click: <input class=\"a-button-input\" type=\"submit\" aria-labelledby=\"cvf-submit-otp-button-announce\">\n  (Session info: chrome=139.0.7258.155)\nBuild info: version: '4.34.0', revision: '707dcb4246*'\nSystem info: os.name: 'Windows 11', os.arch: 'amd64', os.version: '10.0', java.version: '24.0.2'\nDriver info: org.openqa.selenium.chrome.ChromeDriver\nCommand: [420ef0bc264cc56659830be364d58c60, clickElement {id=f.CFA6C56BFE56C265D971201E5D7822A6.d.EFBDA12A65569674D0C25CAD54364A24.e.151}]\nCapabilities {acceptInsecureCerts: false, browserName: chrome, browserVersion: 139.0.7258.155, chrome: {chromedriverVersion: 139.0.7258.154 (9e0d6b2b47f..., userDataDir: C:\\Users\\apurb\\AppData\\Loca...}, fedcm:accounts: true, goog:chromeOptions: {debuggerAddress: localhost:51310}, networkConnectionEnabled: false, pageLoadStrategy: normal, platformName: windows, proxy: Proxy(), se:cdp: ws://localhost:51310/devtoo..., se:cdpVersion: 139.0.7258.155, setWindowRect: true, strictFileInteractability: false, timeouts: {implicit: 0, pageLoad: 300000, script: 30000}, unhandledPromptBehavior: dismiss and notify, webauthn:extension:credBlob: true, webauthn:extension:largeBlob: true, webauthn:extension:minPinLength: true, webauthn:extension:prf: true, webauthn:virtualAuthenticators: true}\nElement: [[ChromeDriver: chrome on windows (420ef0bc264cc56659830be364d58c60)] -> xpath: //*[contains(text(), \"Submit code\")]]\nSession ID: 420ef0bc264cc56659830be364d58c60","trace":"org.openqa.selenium.ElementClickInterceptedException: element click intercepted: Element <span id=\"cvf-submit-otp-button-announce\" class=\"a-button-text\" aria-hidden=\"true\">...</span> is not clickable at point (768, 333). Other element would receive the click: <input class=\"a-button-input\" type=\"submit\" aria-labelledby=\"cvf-submit-otp-button-announce\">\n  (Session info: chrome=139.0.7258.155)\nBuild info: version: '4.34.0', revision: '707dcb4246*'\nSystem info: os.name: 'Windows 11', os.arch: 'amd64', os.version: '10.0', java.version: '24.0.2'\nDriver info: org.openqa.selenium.chrome.ChromeDriver\nCommand: [420ef0bc264cc56659830be364d58c60, clickElement {id=f.CFA6C56BFE56C265D971201E5D7822A6.d.EFBDA12A65569674D0C25CAD54364A24.e.151}]\nCapabilities {acceptInsecureCerts: false, browserName: chrome, browserVersion: 139.0.7258.155, chrome: {chromedriverVersion: 139.0.7258.154 (9e0d6b2b47f..., userDataDir: C:\\Users\\apurb\\AppData\\Loca...}, fedcm:accounts: true, goog:chromeOptions: {debuggerAddress: localhost:51310}, networkConnectionEnabled: false, pageLoadStrategy: normal, platformName: windows, proxy: Proxy(), se:cdp: ws://localhost:51310/devtoo..., se:cdpVersion: 139.0.7258.155, setWindowRect: true, strictFileInteractability: false, timeouts: {implicit: 0, pageLoad: 300000, script: 30000}, unhandledPromptBehavior: dismiss and notify, webauthn:extension:credBlob: true, webauthn:extension:largeBlob: true, webauthn:extension:minPinLength: true, webauthn:extension:prf: true, webauthn:virtualAuthenticators: true}\nElement: [[ChromeDriver: chrome on windows (420ef0bc264cc56659830be364d58c60)] -> xpath: //*[contains(text(), \"Submit code\")]]\nSession ID: 420ef0bc264cc56659830be364d58c60\r\n\tat java.base/jdk.internal.reflect.DirectConstructorHandleAccessor.newInstance(DirectConstructorHandleAccessor.java:62)\r\n\tat java.base/java.lang.reflect.Constructor.newInstanceWithCaller(Constructor.java:499)\r\n\tat java.base/java.lang.reflect.Constructor.newInstance(Constructor.java:483)\r\n\tat org.openqa.selenium.remote.ErrorCodec.decode(ErrorCodec.java:167)\r\n\tat org.openqa.selenium.remote.codec.w3c.W3CHttpResponseCodec.decode(W3CHttpResponseCodec.java:138)\r\n\tat org.openqa.selenium.remote.codec.w3c.W3CHttpResponseCodec.decode(W3CHttpResponseCodec.java:50)\r\n\tat org.openqa.selenium.remote.HttpCommandExecutor.execute(HttpCommandExecutor.java:215)\r\n\tat org.openqa.selenium.remote.service.DriverCommandExecutor.invokeExecute(DriverCommandExecutor.java:216)\r\n\tat org.openqa.selenium.remote.service.DriverCommandExecutor.execute(DriverCommandExecutor.java:174)\r\n\tat org.openqa.selenium.remote.RemoteWebDriver.execute(RemoteWebDriver.java:544)\r\n\tat org.openqa.selenium.remote.RemoteWebElement.execute(RemoteWebElement.java:223)\r\n\tat org.openqa.selenium.remote.RemoteWebElement.click(RemoteWebElement.java:76)\r\n\tat utilities.BrowserUtils.clickWithDelay(BrowserUtils.java:24)\r\n\tat pageObjects.LoginPage.verifyOTP(LoginPage.java:61)\r\n\tat stepDefinitions.ProductBuySteps.user_is_logged_in(ProductBuySteps.java:32)\r\n\tat ✽.user is logged in with email \"test.email\" and password \"test.password\"(file:///C:/Users/apurb/IdeaProjects/P4_Amazon/src/test/resources/features/AmazonProductPurchaseFlow.feature:7)\r\n"},"stage":"finished","steps":[],"attachments":[],"parameters":[],"start":1756745228029,"stop":1756745350209},{"name":"When user searches for \"test.product\"","status":"skipped","statusDetails":{"known":false,"muted":false,"flaky":false},"stage":"finished","steps":[],"attachments":[],"parameters":[],"start":1756745350209,"stop":1756745350209},{"name":"And user filters by brand \"test.brandName\"","status":"skipped","statusDetails":{"known":false,"muted":false,"flaky":false},"stage":"finished","steps":[],"attachments":[],"parameters":[],"start":1756745350209,"stop":1756745350209},{"name":"And user sorts by \"test.sortOption\"","status":"skipped","statusDetails":{"known":false,"muted":false,"flaky":false},"stage":"finished","steps":[],"attachments":[],"parameters":[],"start":1756745350209,"stop":1756745350209},{"name":"And user selects product \"test.prodC\"","status":"skipped","statusDetails":{"known":false,"muted":false,"flaky":false},"stage":"finished","steps":[],"attachments":[],"parameters":[],"start":1756745350209,"stop":1756745350209},{"name":"Then product name should match","status":"skipped","statusDetails":{"known":false,"muted":false,"flaky":false},"stage":"finished","steps":[],"attachments":[],"parameters":[],"start":1756745350209,"stop":1756745350209},{"name":"And user proceeds to checkout","status":"skipped","statusDetails":{"known":false,"muted":false,"flaky":false},"stage":"finished","steps":[],"attachments":[],"parameters":[],"start":1756745350209,"stop":1756745350209},{"name":"And user enters delivery name \"test.perName\"","status":"skipped","statusDetails":{"known":false,"muted":false,"flaky":false},"stage":"finished","steps":[],"attachments":[],"parameters":[],"start":1756745350209,"stop":1756745350209},{"name":"And user enters delivery address \"test.deliverTo\"","status":"skipped","statusDetails":{"known":false,"muted":false,"flaky":false},"stage":"finished","steps":[],"attachments":[],"parameters":[],"start":1756745350209,"stop":1756745350209},{"name":"And user selects payment method \"test.paymentMethod\"","status":"skipped","statusDetails":{"known":false,"muted":false,"flaky":false},"stage":"finished","steps":[],"attachments":[],"parameters":[],"start":1756745350209,"stop":1756745350209},{"name":"Then order summary should be correct","status":"skipped","statusDetails":{"known":false,"muted":false,"flaky":false},"stage":"finished","steps":[],"attachments":[],"parameters":[],"start":1756745350209,"stop":1756745350209}],"attachments":[],"parameters":[],"start":1756745219858,"stop":1756745350982}